c:\users\xiaomi\source\repos\coursework\client\sfml1\x64\release\vc141.pdb
c:\users\xiaomi\source\repos\coursework\client\sfml1\x64\release\game_level.obj
c:\users\xiaomi\source\repos\coursework\client\sfml1\x64\release\tinyxmlparser.obj
c:\users\xiaomi\source\repos\coursework\client\sfml1\x64\release\tinyxmlerror.obj
c:\users\xiaomi\source\repos\coursework\client\sfml1\x64\release\tinyxml.obj
c:\users\xiaomi\source\repos\coursework\client\sfml1\x64\release\tinystr.obj
c:\users\xiaomi\source\repos\coursework\client\sfml1\x64\release\state.obj
c:\users\xiaomi\source\repos\coursework\client\sfml1\x64\release\skillsstate.obj
c:\users\xiaomi\source\repos\coursework\client\sfml1\x64\release\mainmenustate.obj
c:\users\xiaomi\source\repos\coursework\client\sfml1\x64\release\gamestate.obj
c:\users\xiaomi\source\repos\coursework\client\sfml1\x64\release\skill.obj
c:\users\xiaomi\source\repos\coursework\client\sfml1\x64\release\network.obj
c:\users\xiaomi\source\repos\coursework\client\sfml1\x64\release\statemanager.obj
c:\users\xiaomi\source\repos\coursework\client\sfml1\x64\release\assetmanager.obj
c:\users\xiaomi\source\repos\coursework\client\sfml1\x64\release\panels.obj
c:\users\xiaomi\source\repos\coursework\client\sfml1\x64\release\game_update.obj
c:\users\xiaomi\source\repos\coursework\client\sfml1\x64\release\game_main.obj
c:\users\xiaomi\source\repos\coursework\client\sfml1\x64\release\hero.obj
c:\users\xiaomi\source\repos\coursework\client\sfml1\x64\release\essence.obj
c:\users\xiaomi\source\repos\coursework\client\x64\release\client.ipdb
c:\users\xiaomi\source\repos\coursework\client\x64\release\client.iobj
c:\users\xiaomi\source\repos\coursework\client\x64\release\client.exe
c:\users\xiaomi\source\repos\coursework\client\x64\release\client.pdb
c:\users\xiaomi\source\repos\coursework\client\sfml1\x64\release\client.tlog\cl.command.1.tlog
c:\users\xiaomi\source\repos\coursework\client\sfml1\x64\release\client.tlog\cl.read.1.tlog
c:\users\xiaomi\source\repos\coursework\client\sfml1\x64\release\client.tlog\cl.write.1.tlog
c:\users\xiaomi\source\repos\coursework\client\sfml1\x64\release\client.tlog\client.write.1u.tlog
c:\users\xiaomi\source\repos\coursework\client\sfml1\x64\release\client.tlog\link.command.1.tlog
c:\users\xiaomi\source\repos\coursework\client\sfml1\x64\release\client.tlog\link.read.1.tlog
c:\users\xiaomi\source\repos\coursework\client\sfml1\x64\release\client.tlog\link.write.1.tlog
