c:\users\xiaomi\source\repos\coursework\client\sfml1\x64\debug\vc141.pdb
c:\users\xiaomi\source\repos\coursework\client\sfml1\x64\debug\vc141.idb
c:\users\xiaomi\source\repos\coursework\client\sfml1\x64\debug\game_main.obj
c:\users\xiaomi\source\repos\coursework\client\sfml1\x64\debug\statemanager.obj
c:\users\xiaomi\source\repos\coursework\client\sfml1\x64\debug\game_update.obj
c:\users\xiaomi\source\repos\coursework\client\sfml1\x64\debug\game_level.obj
c:\users\xiaomi\source\repos\coursework\client\sfml1\x64\debug\tinyxmlparser.obj
c:\users\xiaomi\source\repos\coursework\client\sfml1\x64\debug\tinyxmlerror.obj
c:\users\xiaomi\source\repos\coursework\client\sfml1\x64\debug\tinyxml.obj
c:\users\xiaomi\source\repos\coursework\client\sfml1\x64\debug\tinystr.obj
c:\users\xiaomi\source\repos\coursework\client\sfml1\x64\debug\state.obj
c:\users\xiaomi\source\repos\coursework\client\sfml1\x64\debug\skillsstate.obj
c:\users\xiaomi\source\repos\coursework\client\sfml1\x64\debug\mainmenustate.obj
c:\users\xiaomi\source\repos\coursework\client\sfml1\x64\debug\gamestate.obj
c:\users\xiaomi\source\repos\coursework\client\sfml1\x64\debug\skill.obj
c:\users\xiaomi\source\repos\coursework\client\sfml1\x64\debug\network.obj
c:\users\xiaomi\source\repos\coursework\client\sfml1\x64\debug\assetmanager.obj
c:\users\xiaomi\source\repos\coursework\client\sfml1\x64\debug\panels.obj
c:\users\xiaomi\source\repos\coursework\client\sfml1\x64\debug\hero.obj
c:\users\xiaomi\source\repos\coursework\client\sfml1\x64\debug\essence.obj
c:\users\xiaomi\source\repos\coursework\client\x64\debug\client.exe
c:\users\xiaomi\source\repos\coursework\client\x64\debug\client.ilk
c:\users\xiaomi\source\repos\coursework\client\x64\debug\client.pdb
c:\users\xiaomi\source\repos\coursework\client\sfml1\x64\debug\source.obj
c:\users\xiaomi\source\repos\coursework\client\sfml1\x64\debug\client.tlog\cl.command.1.tlog
c:\users\xiaomi\source\repos\coursework\client\sfml1\x64\debug\client.tlog\cl.read.1.tlog
c:\users\xiaomi\source\repos\coursework\client\sfml1\x64\debug\client.tlog\cl.write.1.tlog
c:\users\xiaomi\source\repos\coursework\client\sfml1\x64\debug\client.tlog\link.command.1.tlog
c:\users\xiaomi\source\repos\coursework\client\sfml1\x64\debug\client.tlog\link.read.1.tlog
c:\users\xiaomi\source\repos\coursework\client\sfml1\x64\debug\client.tlog\link.write.1.tlog
